2024-12-05 15:12:05,115 - INFO - main.py - <module> - 253 - {0: 'O', 1: 'B-PRO', 2: 'I-PRO', 3: 'E-PRO', 4: 'S-PRO', 5: 'B-ORG', 6: 'I-ORG', 7: 'E-ORG', 8: 'S-ORG', 9: 'B-CONT', 10: 'I-CONT', 11: 'E-CONT', 12: 'S-CONT', 13: 'B-RACE', 14: 'I-RACE', 15: 'E-RACE', 16: 'S-RACE', 17: 'B-NAME', 18: 'I-NAME', 19: 'E-NAME', 20: 'S-NAME', 21: 'B-EDU', 22: 'I-EDU', 23: 'E-EDU', 24: 'S-EDU', 25: 'B-LOC', 26: 'I-LOC', 27: 'E-LOC', 28: 'S-LOC', 29: 'B-TITLE', 30: 'I-TITLE', 31: 'E-TITLE', 32: 'S-TITLE'}
2024-12-05 15:12:05,115 - INFO - main.py - <module> - 255 - Namespace(output_dir='./checkpoints/', bert_dir='../model_hub/chinese-bert-wwm-ext/', data_dir='./data/cner', log_dir='./logs/', num_tags=33, seed=123, gpu_ids='0', max_seq_len=150, eval_batch_size=32, swa_start=3, train_epochs=3, dropout_prob=0.3, lr=3e-05, other_lr=0.0003, crf_lr=0.03, max_grad_norm=1, warmup_proportion=0.1, weight_decay=0.01, adam_epsilon=1e-08, train_batch_size=32, use_lstm='False', lstm_hidden=128, num_layers=1, dropout=0.3, use_crf='True', use_idcnn='True', data_name='cner', model_name='bert_idcnn_crf', use_tensorboard='True', use_kd='False')
2024-12-05 15:12:42,017 - INFO - main.py - <module> - 253 - {0: 'O', 1: 'B-PRO', 2: 'I-PRO', 3: 'E-PRO', 4: 'S-PRO', 5: 'B-ORG', 6: 'I-ORG', 7: 'E-ORG', 8: 'S-ORG', 9: 'B-CONT', 10: 'I-CONT', 11: 'E-CONT', 12: 'S-CONT', 13: 'B-RACE', 14: 'I-RACE', 15: 'E-RACE', 16: 'S-RACE', 17: 'B-NAME', 18: 'I-NAME', 19: 'E-NAME', 20: 'S-NAME', 21: 'B-EDU', 22: 'I-EDU', 23: 'E-EDU', 24: 'S-EDU', 25: 'B-LOC', 26: 'I-LOC', 27: 'E-LOC', 28: 'S-LOC', 29: 'B-TITLE', 30: 'I-TITLE', 31: 'E-TITLE', 32: 'S-TITLE'}
2024-12-05 15:12:42,017 - INFO - main.py - <module> - 255 - Namespace(output_dir='./checkpoints/', bert_dir='../model_hub/chinese-bert-wwm-ext/', data_dir='./data/cner', log_dir='./logs/', num_tags=33, seed=123, gpu_ids='0', max_seq_len=150, eval_batch_size=32, swa_start=3, train_epochs=3, dropout_prob=0.3, lr=3e-05, other_lr=0.0003, crf_lr=0.03, max_grad_norm=1, warmup_proportion=0.1, weight_decay=0.01, adam_epsilon=1e-08, train_batch_size=32, use_lstm='False', lstm_hidden=128, num_layers=1, dropout=0.3, use_crf='True', use_idcnn='True', data_name='cner', model_name='bert_idcnn_crf', use_tensorboard='True', use_kd='False')
2024-12-05 15:13:54,460 - INFO - main.py - <module> - 253 - {0: 'O', 1: 'B-PRO', 2: 'I-PRO', 3: 'E-PRO', 4: 'S-PRO', 5: 'B-ORG', 6: 'I-ORG', 7: 'E-ORG', 8: 'S-ORG', 9: 'B-CONT', 10: 'I-CONT', 11: 'E-CONT', 12: 'S-CONT', 13: 'B-RACE', 14: 'I-RACE', 15: 'E-RACE', 16: 'S-RACE', 17: 'B-NAME', 18: 'I-NAME', 19: 'E-NAME', 20: 'S-NAME', 21: 'B-EDU', 22: 'I-EDU', 23: 'E-EDU', 24: 'S-EDU', 25: 'B-LOC', 26: 'I-LOC', 27: 'E-LOC', 28: 'S-LOC', 29: 'B-TITLE', 30: 'I-TITLE', 31: 'E-TITLE', 32: 'S-TITLE'}
2024-12-05 15:13:54,460 - INFO - main.py - <module> - 255 - Namespace(output_dir='./checkpoints/', bert_dir='../model_hub/chinese-bert-wwm-ext/', data_dir='./data/cner', log_dir='./logs/', num_tags=33, seed=123, gpu_ids='0', max_seq_len=150, eval_batch_size=32, swa_start=3, train_epochs=3, dropout_prob=0.3, lr=3e-05, other_lr=0.0003, crf_lr=0.03, max_grad_norm=1, warmup_proportion=0.1, weight_decay=0.01, adam_epsilon=1e-08, train_batch_size=32, use_lstm='False', lstm_hidden=128, num_layers=1, dropout=0.3, use_crf='True', use_idcnn='True', data_name='cner', model_name='bert_idcnn_crf', use_tensorboard='True', use_kd='False')
2024-12-05 15:13:55,191 - INFO - trainUtils.py - load_model_and_parallel - 113 - Use single gpu in: ['0']
2024-12-10 15:26:55,978 - INFO - main.py - <module> - 253 - {0: 'O', 1: 'B-PRO', 2: 'I-PRO', 3: 'E-PRO', 4: 'S-PRO', 5: 'B-ORG', 6: 'I-ORG', 7: 'E-ORG', 8: 'S-ORG', 9: 'B-CONT', 10: 'I-CONT', 11: 'E-CONT', 12: 'S-CONT', 13: 'B-RACE', 14: 'I-RACE', 15: 'E-RACE', 16: 'S-RACE', 17: 'B-NAME', 18: 'I-NAME', 19: 'E-NAME', 20: 'S-NAME', 21: 'B-EDU', 22: 'I-EDU', 23: 'E-EDU', 24: 'S-EDU', 25: 'B-LOC', 26: 'I-LOC', 27: 'E-LOC', 28: 'S-LOC', 29: 'B-TITLE', 30: 'I-TITLE', 31: 'E-TITLE', 32: 'S-TITLE'}
2024-12-10 15:26:55,979 - INFO - main.py - <module> - 255 - Namespace(output_dir='./checkpoints/', bert_dir='../model_hub/chinese-bert-wwm-ext/', data_dir='./data/cner', log_dir='./logs/', num_tags=33, seed=123, gpu_ids='0', max_seq_len=150, eval_batch_size=32, swa_start=3, train_epochs=3, dropout_prob=0.3, lr=3e-05, other_lr=0.0003, crf_lr=0.03, max_grad_norm=1, warmup_proportion=0.1, weight_decay=0.01, adam_epsilon=1e-08, train_batch_size=32, use_lstm='False', lstm_hidden=128, num_layers=1, dropout=0.3, use_crf='True', use_idcnn='True', data_name='cner', model_name='bert_idcnn_crf', use_tensorboard='True', use_kd='False')
2024-12-10 15:27:21,025 - INFO - main.py - <module> - 253 - {0: 'O', 1: 'B-PRO', 2: 'I-PRO', 3: 'E-PRO', 4: 'S-PRO', 5: 'B-ORG', 6: 'I-ORG', 7: 'E-ORG', 8: 'S-ORG', 9: 'B-CONT', 10: 'I-CONT', 11: 'E-CONT', 12: 'S-CONT', 13: 'B-RACE', 14: 'I-RACE', 15: 'E-RACE', 16: 'S-RACE', 17: 'B-NAME', 18: 'I-NAME', 19: 'E-NAME', 20: 'S-NAME', 21: 'B-EDU', 22: 'I-EDU', 23: 'E-EDU', 24: 'S-EDU', 25: 'B-LOC', 26: 'I-LOC', 27: 'E-LOC', 28: 'S-LOC', 29: 'B-TITLE', 30: 'I-TITLE', 31: 'E-TITLE', 32: 'S-TITLE'}
2024-12-10 15:27:21,026 - INFO - main.py - <module> - 255 - Namespace(output_dir='./checkpoints/', bert_dir='../model_hub/chinese-bert-wwm-ext/', data_dir='./data/cner', log_dir='./logs/', num_tags=33, seed=123, gpu_ids='0', max_seq_len=150, eval_batch_size=32, swa_start=3, train_epochs=3, dropout_prob=0.3, lr=3e-05, other_lr=0.0003, crf_lr=0.03, max_grad_norm=1, warmup_proportion=0.1, weight_decay=0.01, adam_epsilon=1e-08, train_batch_size=32, use_lstm='False', lstm_hidden=128, num_layers=1, dropout=0.3, use_crf='True', use_idcnn='True', data_name='cner', model_name='bert_idcnn_crf', use_tensorboard='True', use_kd='False')
2024-12-10 15:29:08,598 - INFO - main.py - <module> - 253 - {0: 'O', 1: 'B-PRO', 2: 'I-PRO', 3: 'E-PRO', 4: 'S-PRO', 5: 'B-ORG', 6: 'I-ORG', 7: 'E-ORG', 8: 'S-ORG', 9: 'B-CONT', 10: 'I-CONT', 11: 'E-CONT', 12: 'S-CONT', 13: 'B-RACE', 14: 'I-RACE', 15: 'E-RACE', 16: 'S-RACE', 17: 'B-NAME', 18: 'I-NAME', 19: 'E-NAME', 20: 'S-NAME', 21: 'B-EDU', 22: 'I-EDU', 23: 'E-EDU', 24: 'S-EDU', 25: 'B-LOC', 26: 'I-LOC', 27: 'E-LOC', 28: 'S-LOC', 29: 'B-TITLE', 30: 'I-TITLE', 31: 'E-TITLE', 32: 'S-TITLE'}
2024-12-10 15:29:08,598 - INFO - main.py - <module> - 255 - Namespace(output_dir='./checkpoints/', bert_dir='../model_hub/chinese-bert-wwm-ext/', data_dir='./data/cner', log_dir='./logs/', num_tags=33, seed=123, gpu_ids='0', max_seq_len=150, eval_batch_size=32, swa_start=3, train_epochs=3, dropout_prob=0.3, lr=3e-05, other_lr=0.0003, crf_lr=0.03, max_grad_norm=1, warmup_proportion=0.1, weight_decay=0.01, adam_epsilon=1e-08, train_batch_size=32, use_lstm='False', lstm_hidden=128, num_layers=1, dropout=0.3, use_crf='True', use_idcnn='True', data_name='cner', model_name='bert_idcnn_crf', use_tensorboard='True', use_kd='False')
2024-12-10 15:29:52,155 - INFO - main.py - <module> - 253 - {0: 'O', 1: 'B-PRO', 2: 'I-PRO', 3: 'E-PRO', 4: 'S-PRO', 5: 'B-ORG', 6: 'I-ORG', 7: 'E-ORG', 8: 'S-ORG', 9: 'B-CONT', 10: 'I-CONT', 11: 'E-CONT', 12: 'S-CONT', 13: 'B-RACE', 14: 'I-RACE', 15: 'E-RACE', 16: 'S-RACE', 17: 'B-NAME', 18: 'I-NAME', 19: 'E-NAME', 20: 'S-NAME', 21: 'B-EDU', 22: 'I-EDU', 23: 'E-EDU', 24: 'S-EDU', 25: 'B-LOC', 26: 'I-LOC', 27: 'E-LOC', 28: 'S-LOC', 29: 'B-TITLE', 30: 'I-TITLE', 31: 'E-TITLE', 32: 'S-TITLE'}
2024-12-10 15:29:52,156 - INFO - main.py - <module> - 255 - Namespace(output_dir='./checkpoints/', bert_dir='../model_hub/chinese-bert-wwm-ext/', data_dir='./data/cner', log_dir='./logs/', num_tags=33, seed=123, gpu_ids='0', max_seq_len=150, eval_batch_size=32, swa_start=3, train_epochs=3, dropout_prob=0.3, lr=3e-05, other_lr=0.0003, crf_lr=0.03, max_grad_norm=1, warmup_proportion=0.1, weight_decay=0.01, adam_epsilon=1e-08, train_batch_size=32, use_lstm='False', lstm_hidden=128, num_layers=1, dropout=0.3, use_crf='True', use_idcnn='True', data_name='cner', model_name='bert_idcnn_crf', use_tensorboard='True', use_kd='False')
2024-12-10 15:29:52,635 - INFO - trainUtils.py - load_model_and_parallel - 113 - Use single gpu in: ['0']
2024-12-10 15:30:23,498 - INFO - main.py - train - 66 - 【train】 epoch:0 0/360 loss:126.8073
2024-12-10 15:30:23,708 - INFO - main.py - train - 66 - 【train】 epoch:0 1/360 loss:94.3239
2024-12-10 15:30:23,909 - INFO - main.py - train - 66 - 【train】 epoch:0 2/360 loss:129.0934
2024-12-10 15:30:24,116 - INFO - main.py - train - 66 - 【train】 epoch:0 3/360 loss:115.8647
2024-12-10 15:30:24,315 - INFO - main.py - train - 66 - 【train】 epoch:0 4/360 loss:86.0171
2024-12-10 15:30:24,534 - INFO - main.py - train - 66 - 【train】 epoch:0 5/360 loss:113.0194
2024-12-10 15:30:24,749 - INFO - main.py - train - 66 - 【train】 epoch:0 6/360 loss:94.3091
2024-12-10 15:30:24,953 - INFO - main.py - train - 66 - 【train】 epoch:0 7/360 loss:92.2845
2024-12-10 15:30:25,156 - INFO - main.py - train - 66 - 【train】 epoch:0 8/360 loss:85.5320
2024-12-10 15:30:25,369 - INFO - main.py - train - 66 - 【train】 epoch:0 9/360 loss:90.0716
2024-12-10 15:30:25,569 - INFO - main.py - train - 66 - 【train】 epoch:0 10/360 loss:86.5792
2024-12-10 15:30:25,777 - INFO - main.py - train - 66 - 【train】 epoch:0 11/360 loss:87.9210
2024-12-10 15:30:25,981 - INFO - main.py - train - 66 - 【train】 epoch:0 12/360 loss:68.6966
2024-12-10 15:30:26,211 - INFO - main.py - train - 66 - 【train】 epoch:0 13/360 loss:53.0180
2024-12-10 15:30:26,412 - INFO - main.py - train - 66 - 【train】 epoch:0 14/360 loss:67.6913
2024-12-10 15:30:26,617 - INFO - main.py - train - 66 - 【train】 epoch:0 15/360 loss:70.9367
2024-12-10 15:30:26,818 - INFO - main.py - train - 66 - 【train】 epoch:0 16/360 loss:56.1480
2024-12-10 15:30:27,023 - INFO - main.py - train - 66 - 【train】 epoch:0 17/360 loss:54.7380
2024-12-10 15:30:27,225 - INFO - main.py - train - 66 - 【train】 epoch:0 18/360 loss:61.0441
2024-12-10 15:30:27,428 - INFO - main.py - train - 66 - 【train】 epoch:0 19/360 loss:58.5899
2024-12-10 15:30:27,630 - INFO - main.py - train - 66 - 【train】 epoch:0 20/360 loss:55.8830
2024-12-10 15:30:27,834 - INFO - main.py - train - 66 - 【train】 epoch:0 21/360 loss:44.0944
2024-12-10 15:30:28,038 - INFO - main.py - train - 66 - 【train】 epoch:0 22/360 loss:53.4990
2024-12-10 15:30:28,249 - INFO - main.py - train - 66 - 【train】 epoch:0 23/360 loss:46.9168
2024-12-10 15:30:28,455 - INFO - main.py - train - 66 - 【train】 epoch:0 24/360 loss:37.6678
2024-12-10 15:30:28,661 - INFO - main.py - train - 66 - 【train】 epoch:0 25/360 loss:48.5088
2024-12-10 15:30:28,862 - INFO - main.py - train - 66 - 【train】 epoch:0 26/360 loss:30.5728
2024-12-10 15:30:29,068 - INFO - main.py - train - 66 - 【train】 epoch:0 27/360 loss:33.4919
2024-12-10 15:30:29,279 - INFO - main.py - train - 66 - 【train】 epoch:0 28/360 loss:39.0571
2024-12-10 15:30:29,483 - INFO - main.py - train - 66 - 【train】 epoch:0 29/360 loss:43.3421
2024-12-10 15:30:29,688 - INFO - main.py - train - 66 - 【train】 epoch:0 30/360 loss:36.5846
2024-12-10 15:30:29,889 - INFO - main.py - train - 66 - 【train】 epoch:0 31/360 loss:29.7769
2024-12-10 15:30:30,099 - INFO - main.py - train - 66 - 【train】 epoch:0 32/360 loss:31.7947
2024-12-10 15:30:30,301 - INFO - main.py - train - 66 - 【train】 epoch:0 33/360 loss:37.5508
2024-12-10 15:30:30,509 - INFO - main.py - train - 66 - 【train】 epoch:0 34/360 loss:35.0826
2024-12-10 15:30:30,721 - INFO - main.py - train - 66 - 【train】 epoch:0 35/360 loss:33.0338
2024-12-10 15:30:30,929 - INFO - main.py - train - 66 - 【train】 epoch:0 36/360 loss:34.4591
2024-12-10 15:30:31,127 - INFO - main.py - train - 66 - 【train】 epoch:0 37/360 loss:34.3281
2024-12-10 15:30:31,328 - INFO - main.py - train - 66 - 【train】 epoch:0 38/360 loss:21.5885
2024-12-10 15:30:31,527 - INFO - main.py - train - 66 - 【train】 epoch:0 39/360 loss:25.6295
2024-12-10 15:30:31,734 - INFO - main.py - train - 66 - 【train】 epoch:0 40/360 loss:27.9338
2024-12-10 15:30:31,950 - INFO - main.py - train - 66 - 【train】 epoch:0 41/360 loss:17.9926
2024-12-10 15:30:32,169 - INFO - main.py - train - 66 - 【train】 epoch:0 42/360 loss:29.6271
2024-12-10 15:30:32,392 - INFO - main.py - train - 66 - 【train】 epoch:0 43/360 loss:26.7756
2024-12-10 15:30:32,602 - INFO - main.py - train - 66 - 【train】 epoch:0 44/360 loss:18.5610
2024-12-10 15:30:32,821 - INFO - main.py - train - 66 - 【train】 epoch:0 45/360 loss:20.5027
2024-12-10 15:30:33,027 - INFO - main.py - train - 66 - 【train】 epoch:0 46/360 loss:17.9009
2024-12-10 15:30:33,230 - INFO - main.py - train - 66 - 【train】 epoch:0 47/360 loss:16.2700
2024-12-10 15:30:33,432 - INFO - main.py - train - 66 - 【train】 epoch:0 48/360 loss:21.7583
2024-12-10 15:30:33,645 - INFO - main.py - train - 66 - 【train】 epoch:0 49/360 loss:25.8022
2024-12-10 15:30:33,865 - INFO - main.py - train - 66 - 【train】 epoch:0 50/360 loss:12.5620
2024-12-10 15:30:34,087 - INFO - main.py - train - 66 - 【train】 epoch:0 51/360 loss:14.1203
2024-12-10 15:30:34,325 - INFO - main.py - train - 66 - 【train】 epoch:0 52/360 loss:9.3137
2024-12-10 15:30:34,548 - INFO - main.py - train - 66 - 【train】 epoch:0 53/360 loss:19.4280
2024-12-10 15:30:34,755 - INFO - main.py - train - 66 - 【train】 epoch:0 54/360 loss:25.2980
2024-12-10 15:30:34,981 - INFO - main.py - train - 66 - 【train】 epoch:0 55/360 loss:9.0484
2024-12-10 15:30:35,186 - INFO - main.py - train - 66 - 【train】 epoch:0 56/360 loss:14.6164
2024-12-10 15:30:35,401 - INFO - main.py - train - 66 - 【train】 epoch:0 57/360 loss:18.6475
2024-12-10 15:30:35,605 - INFO - main.py - train - 66 - 【train】 epoch:0 58/360 loss:13.4861
2024-12-10 15:30:35,811 - INFO - main.py - train - 66 - 【train】 epoch:0 59/360 loss:15.0087
2024-12-10 15:30:36,025 - INFO - main.py - train - 66 - 【train】 epoch:0 60/360 loss:11.6313
2024-12-10 15:30:36,233 - INFO - main.py - train - 66 - 【train】 epoch:0 61/360 loss:9.1050
2024-12-10 15:30:36,432 - INFO - main.py - train - 66 - 【train】 epoch:0 62/360 loss:6.8195
2024-12-10 15:30:36,632 - INFO - main.py - train - 66 - 【train】 epoch:0 63/360 loss:12.3507
2024-12-10 15:30:36,839 - INFO - main.py - train - 66 - 【train】 epoch:0 64/360 loss:13.8097
2024-12-10 15:30:37,038 - INFO - main.py - train - 66 - 【train】 epoch:0 65/360 loss:12.9967
2024-12-10 15:30:37,254 - INFO - main.py - train - 66 - 【train】 epoch:0 66/360 loss:12.3383
2024-12-10 15:30:37,465 - INFO - main.py - train - 66 - 【train】 epoch:0 67/360 loss:7.6856
2024-12-10 15:30:37,679 - INFO - main.py - train - 66 - 【train】 epoch:0 68/360 loss:12.5182
2024-12-10 15:30:37,879 - INFO - main.py - train - 66 - 【train】 epoch:0 69/360 loss:7.4517
2024-12-10 15:30:38,083 - INFO - main.py - train - 66 - 【train】 epoch:0 70/360 loss:8.1964
2024-12-10 15:30:38,331 - INFO - main.py - train - 66 - 【train】 epoch:0 71/360 loss:9.7366
2024-12-10 15:30:38,550 - INFO - main.py - train - 66 - 【train】 epoch:0 72/360 loss:13.6682
2024-12-10 15:30:38,804 - INFO - main.py - train - 66 - 【train】 epoch:0 73/360 loss:7.9415
2024-12-10 15:30:39,068 - INFO - main.py - train - 66 - 【train】 epoch:0 74/360 loss:8.3268
2024-12-10 15:30:39,287 - INFO - main.py - train - 66 - 【train】 epoch:0 75/360 loss:11.3313
2024-12-10 15:30:39,517 - INFO - main.py - train - 66 - 【train】 epoch:0 76/360 loss:10.2838
2024-12-10 15:30:39,738 - INFO - main.py - train - 66 - 【train】 epoch:0 77/360 loss:10.8222
2024-12-10 15:30:39,966 - INFO - main.py - train - 66 - 【train】 epoch:0 78/360 loss:10.1485
2024-12-10 15:30:40,182 - INFO - main.py - train - 66 - 【train】 epoch:0 79/360 loss:6.0288
2024-12-10 15:30:40,385 - INFO - main.py - train - 66 - 【train】 epoch:0 80/360 loss:7.9598
2024-12-10 15:30:40,585 - INFO - main.py - train - 66 - 【train】 epoch:0 81/360 loss:6.8478
2024-12-10 15:30:40,796 - INFO - main.py - train - 66 - 【train】 epoch:0 82/360 loss:15.5147
2024-12-10 15:30:40,997 - INFO - main.py - train - 66 - 【train】 epoch:0 83/360 loss:6.8299
2024-12-10 15:30:41,198 - INFO - main.py - train - 66 - 【train】 epoch:0 84/360 loss:7.3405
2024-12-10 15:30:41,402 - INFO - main.py - train - 66 - 【train】 epoch:0 85/360 loss:7.1510
2024-12-10 15:30:41,603 - INFO - main.py - train - 66 - 【train】 epoch:0 86/360 loss:11.9625
2024-12-10 15:30:41,806 - INFO - main.py - train - 66 - 【train】 epoch:0 87/360 loss:3.7974
2024-12-10 15:30:42,010 - INFO - main.py - train - 66 - 【train】 epoch:0 88/360 loss:3.3844
2024-12-10 15:30:42,215 - INFO - main.py - train - 66 - 【train】 epoch:0 89/360 loss:8.8308
2024-12-10 15:30:49,625 - INFO - main.py - train - 74 - [eval] loss:96.4959 precision=0.8630 recall=0.7908 f1_score=0.8253
2024-12-10 15:30:49,625 - INFO - trainUtils.py - save_model - 70 - Saving model checkpoint to ./checkpoints/bert_idcnn_crf_cner
2024-12-10 15:30:50,095 - INFO - main.py - train - 66 - 【train】 epoch:0 90/360 loss:7.0488
2024-12-10 15:30:50,294 - INFO - main.py - train - 66 - 【train】 epoch:0 91/360 loss:3.2896
2024-12-10 15:30:50,511 - INFO - main.py - train - 66 - 【train】 epoch:0 92/360 loss:8.7938
2024-12-10 15:30:50,716 - INFO - main.py - train - 66 - 【train】 epoch:0 93/360 loss:10.0464
2024-12-10 15:30:50,921 - INFO - main.py - train - 66 - 【train】 epoch:0 94/360 loss:3.8856
2024-12-10 15:30:51,118 - INFO - main.py - train - 66 - 【train】 epoch:0 95/360 loss:4.9650
2024-12-10 15:30:51,319 - INFO - main.py - train - 66 - 【train】 epoch:0 96/360 loss:7.2360
2024-12-10 15:30:51,524 - INFO - main.py - train - 66 - 【train】 epoch:0 97/360 loss:5.8854
2024-12-10 15:30:51,726 - INFO - main.py - train - 66 - 【train】 epoch:0 98/360 loss:4.0114
2024-12-10 15:30:51,931 - INFO - main.py - train - 66 - 【train】 epoch:0 99/360 loss:5.5657
2024-12-10 15:30:52,133 - INFO - main.py - train - 66 - 【train】 epoch:0 100/360 loss:5.9127
2024-12-10 15:30:52,337 - INFO - main.py - train - 66 - 【train】 epoch:0 101/360 loss:6.4314
2024-12-10 15:30:52,538 - INFO - main.py - train - 66 - 【train】 epoch:0 102/360 loss:6.7488
2024-12-10 15:30:52,740 - INFO - main.py - train - 66 - 【train】 epoch:0 103/360 loss:5.2121
2024-12-10 15:30:52,942 - INFO - main.py - train - 66 - 【train】 epoch:0 104/360 loss:4.6573
2024-12-10 15:30:53,146 - INFO - main.py - train - 66 - 【train】 epoch:0 105/360 loss:6.2854
2024-12-10 15:30:53,349 - INFO - main.py - train - 66 - 【train】 epoch:0 106/360 loss:3.6438
2024-12-10 15:30:53,549 - INFO - main.py - train - 66 - 【train】 epoch:0 107/360 loss:6.2963
2024-12-10 15:30:53,783 - INFO - main.py - train - 66 - 【train】 epoch:0 108/360 loss:5.2858
2024-12-10 15:30:53,986 - INFO - main.py - train - 66 - 【train】 epoch:0 109/360 loss:7.6161
2024-12-10 15:30:54,189 - INFO - main.py - train - 66 - 【train】 epoch:0 110/360 loss:6.2592
2024-12-10 15:30:54,396 - INFO - main.py - train - 66 - 【train】 epoch:0 111/360 loss:5.9188
2024-12-10 15:30:54,595 - INFO - main.py - train - 66 - 【train】 epoch:0 112/360 loss:5.6745
2024-12-10 15:30:54,803 - INFO - main.py - train - 66 - 【train】 epoch:0 113/360 loss:6.2261
2024-12-10 15:30:55,001 - INFO - main.py - train - 66 - 【train】 epoch:0 114/360 loss:3.5440
2024-12-10 15:30:55,205 - INFO - main.py - train - 66 - 【train】 epoch:0 115/360 loss:5.5164
2024-12-10 15:30:55,409 - INFO - main.py - train - 66 - 【train】 epoch:0 116/360 loss:4.9133
2024-12-10 15:30:55,611 - INFO - main.py - train - 66 - 【train】 epoch:0 117/360 loss:6.3651
2024-12-10 15:30:55,812 - INFO - main.py - train - 66 - 【train】 epoch:0 118/360 loss:6.3571
2024-12-10 15:30:56,049 - INFO - main.py - train - 66 - 【train】 epoch:0 119/360 loss:3.5159
2024-12-10 15:31:03,210 - INFO - main.py - train - 66 - 【train】 epoch:1 120/360 loss:3.5526
2024-12-10 15:31:03,409 - INFO - main.py - train - 66 - 【train】 epoch:1 121/360 loss:4.5264
2024-12-10 15:31:03,610 - INFO - main.py - train - 66 - 【train】 epoch:1 122/360 loss:6.8654
2024-12-10 15:31:03,815 - INFO - main.py - train - 66 - 【train】 epoch:1 123/360 loss:6.5333
2024-12-10 15:31:04,017 - INFO - main.py - train - 66 - 【train】 epoch:1 124/360 loss:6.3372
2024-12-10 15:31:04,218 - INFO - main.py - train - 66 - 【train】 epoch:1 125/360 loss:4.0476
2024-12-10 15:31:04,423 - INFO - main.py - train - 66 - 【train】 epoch:1 126/360 loss:2.5097
2024-12-10 15:31:04,630 - INFO - main.py - train - 66 - 【train】 epoch:1 127/360 loss:4.8998
2024-12-10 15:31:04,831 - INFO - main.py - train - 66 - 【train】 epoch:1 128/360 loss:3.6929
2024-12-10 15:31:05,032 - INFO - main.py - train - 66 - 【train】 epoch:1 129/360 loss:2.4706
2024-12-10 15:31:05,230 - INFO - main.py - train - 66 - 【train】 epoch:1 130/360 loss:3.7831
2024-12-10 15:31:05,432 - INFO - main.py - train - 66 - 【train】 epoch:1 131/360 loss:3.5712
2024-12-10 15:31:05,636 - INFO - main.py - train - 66 - 【train】 epoch:1 132/360 loss:5.4587
2024-12-10 15:31:05,841 - INFO - main.py - train - 66 - 【train】 epoch:1 133/360 loss:3.6010
2024-12-10 15:31:06,043 - INFO - main.py - train - 66 - 【train】 epoch:1 134/360 loss:4.6157
2024-12-10 15:31:06,249 - INFO - main.py - train - 66 - 【train】 epoch:1 135/360 loss:4.1988
2024-12-10 15:31:06,466 - INFO - main.py - train - 66 - 【train】 epoch:1 136/360 loss:4.0542
2024-12-10 15:31:06,697 - INFO - main.py - train - 66 - 【train】 epoch:1 137/360 loss:4.2454
2024-12-10 15:31:06,915 - INFO - main.py - train - 66 - 【train】 epoch:1 138/360 loss:2.8954
2024-12-10 15:31:07,116 - INFO - main.py - train - 66 - 【train】 epoch:1 139/360 loss:3.6228
2024-12-10 15:31:07,319 - INFO - main.py - train - 66 - 【train】 epoch:1 140/360 loss:5.6573
2024-12-10 15:31:07,523 - INFO - main.py - train - 66 - 【train】 epoch:1 141/360 loss:2.7688
2024-12-10 15:31:07,727 - INFO - main.py - train - 66 - 【train】 epoch:1 142/360 loss:2.8042
2024-12-10 15:31:07,927 - INFO - main.py - train - 66 - 【train】 epoch:1 143/360 loss:1.5272
2024-12-10 15:31:08,130 - INFO - main.py - train - 66 - 【train】 epoch:1 144/360 loss:3.1020
2024-12-10 15:31:08,332 - INFO - main.py - train - 66 - 【train】 epoch:1 145/360 loss:4.0070
2024-12-10 15:31:08,538 - INFO - main.py - train - 66 - 【train】 epoch:1 146/360 loss:3.0575
2024-12-10 15:31:08,743 - INFO - main.py - train - 66 - 【train】 epoch:1 147/360 loss:1.9677
2024-12-10 15:31:08,943 - INFO - main.py - train - 66 - 【train】 epoch:1 148/360 loss:2.0388
2024-12-10 15:31:09,145 - INFO - main.py - train - 66 - 【train】 epoch:1 149/360 loss:5.8702
2024-12-10 15:31:09,362 - INFO - main.py - train - 66 - 【train】 epoch:1 150/360 loss:5.1981
2024-12-10 15:31:09,580 - INFO - main.py - train - 66 - 【train】 epoch:1 151/360 loss:1.9326
2024-12-10 15:31:09,783 - INFO - main.py - train - 66 - 【train】 epoch:1 152/360 loss:5.7138
2024-12-10 15:31:10,000 - INFO - main.py - train - 66 - 【train】 epoch:1 153/360 loss:4.4924
2024-12-10 15:31:10,208 - INFO - main.py - train - 66 - 【train】 epoch:1 154/360 loss:5.5280
2024-12-10 15:31:10,417 - INFO - main.py - train - 66 - 【train】 epoch:1 155/360 loss:4.1931
2024-12-10 15:31:10,621 - INFO - main.py - train - 66 - 【train】 epoch:1 156/360 loss:5.0661
2024-12-10 15:31:10,824 - INFO - main.py - train - 66 - 【train】 epoch:1 157/360 loss:5.5727
2024-12-10 15:31:11,028 - INFO - main.py - train - 66 - 【train】 epoch:1 158/360 loss:4.2295
2024-12-10 15:31:11,234 - INFO - main.py - train - 66 - 【train】 epoch:1 159/360 loss:5.2047
2024-12-10 15:31:11,437 - INFO - main.py - train - 66 - 【train】 epoch:1 160/360 loss:4.0471
2024-12-10 15:31:11,652 - INFO - main.py - train - 66 - 【train】 epoch:1 161/360 loss:4.4474
2024-12-10 15:31:11,857 - INFO - main.py - train - 66 - 【train】 epoch:1 162/360 loss:1.4413
2024-12-10 15:31:12,054 - INFO - main.py - train - 66 - 【train】 epoch:1 163/360 loss:1.6783
2024-12-10 15:31:12,257 - INFO - main.py - train - 66 - 【train】 epoch:1 164/360 loss:3.1478
2024-12-10 15:31:12,463 - INFO - main.py - train - 66 - 【train】 epoch:1 165/360 loss:1.8215
2024-12-10 15:31:12,673 - INFO - main.py - train - 66 - 【train】 epoch:1 166/360 loss:5.4505
2024-12-10 15:31:12,886 - INFO - main.py - train - 66 - 【train】 epoch:1 167/360 loss:2.1562
2024-12-10 15:31:13,103 - INFO - main.py - train - 66 - 【train】 epoch:1 168/360 loss:3.3095
2024-12-10 15:31:13,332 - INFO - main.py - train - 66 - 【train】 epoch:1 169/360 loss:3.4985
2024-12-10 15:31:13,551 - INFO - main.py - train - 66 - 【train】 epoch:1 170/360 loss:3.2975
2024-12-10 15:31:13,754 - INFO - main.py - train - 66 - 【train】 epoch:1 171/360 loss:6.7950
2024-12-10 15:31:13,955 - INFO - main.py - train - 66 - 【train】 epoch:1 172/360 loss:2.9902
2024-12-10 15:31:14,175 - INFO - main.py - train - 66 - 【train】 epoch:1 173/360 loss:1.8003
2024-12-10 15:31:14,374 - INFO - main.py - train - 66 - 【train】 epoch:1 174/360 loss:2.1684
2024-12-10 15:31:14,590 - INFO - main.py - train - 66 - 【train】 epoch:1 175/360 loss:2.4070
2024-12-10 15:31:14,867 - INFO - main.py - train - 66 - 【train】 epoch:1 176/360 loss:2.9506
2024-12-10 15:31:15,087 - INFO - main.py - train - 66 - 【train】 epoch:1 177/360 loss:3.3147
2024-12-10 15:31:15,323 - INFO - main.py - train - 66 - 【train】 epoch:1 178/360 loss:2.2841
2024-12-10 15:31:15,540 - INFO - main.py - train - 66 - 【train】 epoch:1 179/360 loss:0.8298
2024-12-10 15:31:23,157 - INFO - main.py - train - 74 - [eval] loss:49.4326 precision=0.9009 recall=0.8745 f1_score=0.8875
2024-12-10 15:31:23,158 - INFO - trainUtils.py - save_model - 70 - Saving model checkpoint to ./checkpoints/bert_idcnn_crf_cner
2024-12-10 15:31:23,712 - INFO - main.py - train - 66 - 【train】 epoch:1 180/360 loss:3.6122
2024-12-10 15:31:23,918 - INFO - main.py - train - 66 - 【train】 epoch:1 181/360 loss:2.2766
2024-12-10 15:31:24,144 - INFO - main.py - train - 66 - 【train】 epoch:1 182/360 loss:2.7070
2024-12-10 15:31:24,366 - INFO - main.py - train - 66 - 【train】 epoch:1 183/360 loss:3.6681
2024-12-10 15:31:24,614 - INFO - main.py - train - 66 - 【train】 epoch:1 184/360 loss:4.0180
2024-12-10 15:31:24,835 - INFO - main.py - train - 66 - 【train】 epoch:1 185/360 loss:3.9747
2024-12-10 15:31:25,097 - INFO - main.py - train - 66 - 【train】 epoch:1 186/360 loss:3.1554
2024-12-10 15:31:25,325 - INFO - main.py - train - 66 - 【train】 epoch:1 187/360 loss:1.2618
2024-12-10 15:31:25,552 - INFO - main.py - train - 66 - 【train】 epoch:1 188/360 loss:1.5008
2024-12-10 15:31:25,782 - INFO - main.py - train - 66 - 【train】 epoch:1 189/360 loss:2.5589
2024-12-10 15:31:26,017 - INFO - main.py - train - 66 - 【train】 epoch:1 190/360 loss:2.1348
2024-12-10 15:31:26,220 - INFO - main.py - train - 66 - 【train】 epoch:1 191/360 loss:1.3444
2024-12-10 15:31:26,424 - INFO - main.py - train - 66 - 【train】 epoch:1 192/360 loss:2.0342
2024-12-10 15:31:26,631 - INFO - main.py - train - 66 - 【train】 epoch:1 193/360 loss:2.8539
2024-12-10 15:31:26,848 - INFO - main.py - train - 66 - 【train】 epoch:1 194/360 loss:2.5835
2024-12-10 15:31:27,069 - INFO - main.py - train - 66 - 【train】 epoch:1 195/360 loss:1.5488
2024-12-10 15:31:27,281 - INFO - main.py - train - 66 - 【train】 epoch:1 196/360 loss:2.4777
2024-12-10 15:31:27,491 - INFO - main.py - train - 66 - 【train】 epoch:1 197/360 loss:4.2724
2024-12-10 15:31:27,694 - INFO - main.py - train - 66 - 【train】 epoch:1 198/360 loss:1.8902
2024-12-10 15:31:27,895 - INFO - main.py - train - 66 - 【train】 epoch:1 199/360 loss:4.6920
2024-12-10 15:31:28,098 - INFO - main.py - train - 66 - 【train】 epoch:1 200/360 loss:0.9233
2024-12-10 15:31:28,300 - INFO - main.py - train - 66 - 【train】 epoch:1 201/360 loss:2.0087
2024-12-10 15:31:28,504 - INFO - main.py - train - 66 - 【train】 epoch:1 202/360 loss:2.8279
2024-12-10 15:31:28,706 - INFO - main.py - train - 66 - 【train】 epoch:1 203/360 loss:2.4317
2024-12-10 15:31:28,908 - INFO - main.py - train - 66 - 【train】 epoch:1 204/360 loss:1.5342
2024-12-10 15:31:29,113 - INFO - main.py - train - 66 - 【train】 epoch:1 205/360 loss:3.6419
2024-12-10 15:31:29,328 - INFO - main.py - train - 66 - 【train】 epoch:1 206/360 loss:6.3265
2024-12-10 15:31:29,548 - INFO - main.py - train - 66 - 【train】 epoch:1 207/360 loss:4.3734
2024-12-10 15:31:29,756 - INFO - main.py - train - 66 - 【train】 epoch:1 208/360 loss:3.2935
2024-12-10 15:31:29,969 - INFO - main.py - train - 66 - 【train】 epoch:1 209/360 loss:5.5469
2024-12-10 15:31:30,173 - INFO - main.py - train - 66 - 【train】 epoch:1 210/360 loss:2.6335
2024-12-10 15:31:30,375 - INFO - main.py - train - 66 - 【train】 epoch:1 211/360 loss:1.6712
2024-12-10 15:31:30,576 - INFO - main.py - train - 66 - 【train】 epoch:1 212/360 loss:1.5617
2024-12-10 15:31:30,782 - INFO - main.py - train - 66 - 【train】 epoch:1 213/360 loss:1.2228
2024-12-10 15:31:30,994 - INFO - main.py - train - 66 - 【train】 epoch:1 214/360 loss:3.7001
2024-12-10 15:31:31,199 - INFO - main.py - train - 66 - 【train】 epoch:1 215/360 loss:4.5175
2024-12-10 15:31:31,401 - INFO - main.py - train - 66 - 【train】 epoch:1 216/360 loss:2.8661
2024-12-10 15:31:31,614 - INFO - main.py - train - 66 - 【train】 epoch:1 217/360 loss:2.7836
2024-12-10 15:31:31,817 - INFO - main.py - train - 66 - 【train】 epoch:1 218/360 loss:2.1993
2024-12-10 15:31:32,025 - INFO - main.py - train - 66 - 【train】 epoch:1 219/360 loss:4.5133
2024-12-10 15:31:32,236 - INFO - main.py - train - 66 - 【train】 epoch:1 220/360 loss:2.5297
2024-12-10 15:31:32,440 - INFO - main.py - train - 66 - 【train】 epoch:1 221/360 loss:1.6394
2024-12-10 15:31:32,643 - INFO - main.py - train - 66 - 【train】 epoch:1 222/360 loss:1.3029
2024-12-10 15:31:32,847 - INFO - main.py - train - 66 - 【train】 epoch:1 223/360 loss:4.4723
2024-12-10 15:31:33,050 - INFO - main.py - train - 66 - 【train】 epoch:1 224/360 loss:2.0841
2024-12-10 15:31:33,252 - INFO - main.py - train - 66 - 【train】 epoch:1 225/360 loss:2.1413
2024-12-10 15:31:33,455 - INFO - main.py - train - 66 - 【train】 epoch:1 226/360 loss:2.0713
2024-12-10 15:31:33,658 - INFO - main.py - train - 66 - 【train】 epoch:1 227/360 loss:0.9252
2024-12-10 15:31:33,861 - INFO - main.py - train - 66 - 【train】 epoch:1 228/360 loss:0.9118
2024-12-10 15:31:34,065 - INFO - main.py - train - 66 - 【train】 epoch:1 229/360 loss:3.4424
2024-12-10 15:31:34,269 - INFO - main.py - train - 66 - 【train】 epoch:1 230/360 loss:3.5471
2024-12-10 15:31:34,470 - INFO - main.py - train - 66 - 【train】 epoch:1 231/360 loss:2.7527
2024-12-10 15:31:34,670 - INFO - main.py - train - 66 - 【train】 epoch:1 232/360 loss:1.9650
2024-12-10 15:31:34,876 - INFO - main.py - train - 66 - 【train】 epoch:1 233/360 loss:3.7771
2024-12-10 15:31:35,081 - INFO - main.py - train - 66 - 【train】 epoch:1 234/360 loss:2.6785
2024-12-10 15:31:35,281 - INFO - main.py - train - 66 - 【train】 epoch:1 235/360 loss:3.4552
2024-12-10 15:31:35,482 - INFO - main.py - train - 66 - 【train】 epoch:1 236/360 loss:0.5347
2024-12-10 15:31:35,684 - INFO - main.py - train - 66 - 【train】 epoch:1 237/360 loss:3.1336
2024-12-10 15:31:35,898 - INFO - main.py - train - 66 - 【train】 epoch:1 238/360 loss:0.6597
2024-12-10 15:31:36,065 - INFO - main.py - train - 66 - 【train】 epoch:1 239/360 loss:2.9109
2024-12-10 15:31:43,755 - INFO - main.py - train - 66 - 【train】 epoch:2 240/360 loss:0.9945
2024-12-10 15:31:43,967 - INFO - main.py - train - 66 - 【train】 epoch:2 241/360 loss:1.6574
2024-12-10 15:31:44,183 - INFO - main.py - train - 66 - 【train】 epoch:2 242/360 loss:4.0646
2024-12-10 15:31:44,390 - INFO - main.py - train - 66 - 【train】 epoch:2 243/360 loss:2.1763
2024-12-10 15:31:44,594 - INFO - main.py - train - 66 - 【train】 epoch:2 244/360 loss:1.8094
2024-12-10 15:31:44,798 - INFO - main.py - train - 66 - 【train】 epoch:2 245/360 loss:1.9511
2024-12-10 15:31:45,012 - INFO - main.py - train - 66 - 【train】 epoch:2 246/360 loss:4.4483
2024-12-10 15:31:45,226 - INFO - main.py - train - 66 - 【train】 epoch:2 247/360 loss:2.2770
2024-12-10 15:31:45,445 - INFO - main.py - train - 66 - 【train】 epoch:2 248/360 loss:1.9119
2024-12-10 15:31:45,650 - INFO - main.py - train - 66 - 【train】 epoch:2 249/360 loss:3.2273
2024-12-10 15:31:45,851 - INFO - main.py - train - 66 - 【train】 epoch:2 250/360 loss:2.6482
2024-12-10 15:31:46,067 - INFO - main.py - train - 66 - 【train】 epoch:2 251/360 loss:2.3460
2024-12-10 15:31:46,286 - INFO - main.py - train - 66 - 【train】 epoch:2 252/360 loss:0.8152
2024-12-10 15:31:46,505 - INFO - main.py - train - 66 - 【train】 epoch:2 253/360 loss:0.7952
2024-12-10 15:31:46,715 - INFO - main.py - train - 66 - 【train】 epoch:2 254/360 loss:2.1121
2024-12-10 15:31:46,918 - INFO - main.py - train - 66 - 【train】 epoch:2 255/360 loss:2.0271
2024-12-10 15:31:47,127 - INFO - main.py - train - 66 - 【train】 epoch:2 256/360 loss:1.4301
2024-12-10 15:31:47,337 - INFO - main.py - train - 66 - 【train】 epoch:2 257/360 loss:1.9183
2024-12-10 15:31:47,542 - INFO - main.py - train - 66 - 【train】 epoch:2 258/360 loss:2.1362
2024-12-10 15:31:47,748 - INFO - main.py - train - 66 - 【train】 epoch:2 259/360 loss:1.8308
2024-12-10 15:31:47,961 - INFO - main.py - train - 66 - 【train】 epoch:2 260/360 loss:3.4452
2024-12-10 15:31:48,176 - INFO - main.py - train - 66 - 【train】 epoch:2 261/360 loss:1.4884
2024-12-10 15:31:48,380 - INFO - main.py - train - 66 - 【train】 epoch:2 262/360 loss:2.2759
2024-12-10 15:31:48,597 - INFO - main.py - train - 66 - 【train】 epoch:2 263/360 loss:2.6206
2024-12-10 15:31:48,800 - INFO - main.py - train - 66 - 【train】 epoch:2 264/360 loss:1.7989
2024-12-10 15:31:49,006 - INFO - main.py - train - 66 - 【train】 epoch:2 265/360 loss:2.2163
2024-12-10 15:31:49,207 - INFO - main.py - train - 66 - 【train】 epoch:2 266/360 loss:1.3858
2024-12-10 15:31:49,406 - INFO - main.py - train - 66 - 【train】 epoch:2 267/360 loss:1.2473
2024-12-10 15:31:49,615 - INFO - main.py - train - 66 - 【train】 epoch:2 268/360 loss:0.6341
2024-12-10 15:31:49,823 - INFO - main.py - train - 66 - 【train】 epoch:2 269/360 loss:1.6211
2024-12-10 15:31:57,385 - INFO - main.py - train - 74 - [eval] loss:37.6125 precision=0.9391 recall=0.8951 f1_score=0.9165
2024-12-10 15:31:57,386 - INFO - trainUtils.py - save_model - 70 - Saving model checkpoint to ./checkpoints/bert_idcnn_crf_cner
2024-12-10 15:31:57,904 - INFO - main.py - train - 66 - 【train】 epoch:2 270/360 loss:2.0280
2024-12-10 15:31:58,118 - INFO - main.py - train - 66 - 【train】 epoch:2 271/360 loss:4.2586
2024-12-10 15:31:58,317 - INFO - main.py - train - 66 - 【train】 epoch:2 272/360 loss:4.4118
2024-12-10 15:31:58,516 - INFO - main.py - train - 66 - 【train】 epoch:2 273/360 loss:2.1374
2024-12-10 15:31:58,734 - INFO - main.py - train - 66 - 【train】 epoch:2 274/360 loss:2.5739
2024-12-10 15:31:58,966 - INFO - main.py - train - 66 - 【train】 epoch:2 275/360 loss:1.5763
2024-12-10 15:31:59,190 - INFO - main.py - train - 66 - 【train】 epoch:2 276/360 loss:1.5869
2024-12-10 15:31:59,392 - INFO - main.py - train - 66 - 【train】 epoch:2 277/360 loss:1.3064
2024-12-10 15:31:59,602 - INFO - main.py - train - 66 - 【train】 epoch:2 278/360 loss:3.4517
2024-12-10 15:31:59,805 - INFO - main.py - train - 66 - 【train】 epoch:2 279/360 loss:0.8215
2024-12-10 15:32:00,024 - INFO - main.py - train - 66 - 【train】 epoch:2 280/360 loss:1.2683
2024-12-10 15:32:00,240 - INFO - main.py - train - 66 - 【train】 epoch:2 281/360 loss:2.1468
2024-12-10 15:32:00,472 - INFO - main.py - train - 66 - 【train】 epoch:2 282/360 loss:4.2079
2024-12-10 15:32:00,682 - INFO - main.py - train - 66 - 【train】 epoch:2 283/360 loss:1.7701
2024-12-10 15:32:00,882 - INFO - main.py - train - 66 - 【train】 epoch:2 284/360 loss:1.0072
2024-12-10 15:32:01,103 - INFO - main.py - train - 66 - 【train】 epoch:2 285/360 loss:3.1330
2024-12-10 15:32:01,305 - INFO - main.py - train - 66 - 【train】 epoch:2 286/360 loss:2.0969
2024-12-10 15:32:01,505 - INFO - main.py - train - 66 - 【train】 epoch:2 287/360 loss:2.0727
2024-12-10 15:32:01,706 - INFO - main.py - train - 66 - 【train】 epoch:2 288/360 loss:1.6830
2024-12-10 15:32:01,941 - INFO - main.py - train - 66 - 【train】 epoch:2 289/360 loss:2.8839
2024-12-10 15:32:02,172 - INFO - main.py - train - 66 - 【train】 epoch:2 290/360 loss:2.8989
2024-12-10 15:32:02,384 - INFO - main.py - train - 66 - 【train】 epoch:2 291/360 loss:1.3332
2024-12-10 15:32:02,588 - INFO - main.py - train - 66 - 【train】 epoch:2 292/360 loss:3.2419
2024-12-10 15:32:02,791 - INFO - main.py - train - 66 - 【train】 epoch:2 293/360 loss:0.6725
2024-12-10 15:32:02,998 - INFO - main.py - train - 66 - 【train】 epoch:2 294/360 loss:1.9182
2024-12-10 15:32:03,199 - INFO - main.py - train - 66 - 【train】 epoch:2 295/360 loss:1.5441
2024-12-10 15:32:03,402 - INFO - main.py - train - 66 - 【train】 epoch:2 296/360 loss:3.2159
2024-12-10 15:32:03,613 - INFO - main.py - train - 66 - 【train】 epoch:2 297/360 loss:2.9690
2024-12-10 15:32:03,817 - INFO - main.py - train - 66 - 【train】 epoch:2 298/360 loss:2.9230
2024-12-10 15:32:04,022 - INFO - main.py - train - 66 - 【train】 epoch:2 299/360 loss:2.6982
2024-12-10 15:32:04,236 - INFO - main.py - train - 66 - 【train】 epoch:2 300/360 loss:2.2481
2024-12-10 15:32:04,442 - INFO - main.py - train - 66 - 【train】 epoch:2 301/360 loss:1.7937
2024-12-10 15:32:04,668 - INFO - main.py - train - 66 - 【train】 epoch:2 302/360 loss:1.2527
2024-12-10 15:32:04,875 - INFO - main.py - train - 66 - 【train】 epoch:2 303/360 loss:1.7073
2024-12-10 15:32:05,087 - INFO - main.py - train - 66 - 【train】 epoch:2 304/360 loss:1.4100
2024-12-10 15:32:05,294 - INFO - main.py - train - 66 - 【train】 epoch:2 305/360 loss:0.8795
2024-12-10 15:32:05,498 - INFO - main.py - train - 66 - 【train】 epoch:2 306/360 loss:0.5167
2024-12-10 15:32:05,702 - INFO - main.py - train - 66 - 【train】 epoch:2 307/360 loss:0.4174
2024-12-10 15:32:05,907 - INFO - main.py - train - 66 - 【train】 epoch:2 308/360 loss:1.9771
2024-12-10 15:32:06,113 - INFO - main.py - train - 66 - 【train】 epoch:2 309/360 loss:1.9339
2024-12-10 15:32:06,326 - INFO - main.py - train - 66 - 【train】 epoch:2 310/360 loss:1.6266
2024-12-10 15:32:06,529 - INFO - main.py - train - 66 - 【train】 epoch:2 311/360 loss:1.6127
2024-12-10 15:32:06,732 - INFO - main.py - train - 66 - 【train】 epoch:2 312/360 loss:1.4650
2024-12-10 15:32:06,936 - INFO - main.py - train - 66 - 【train】 epoch:2 313/360 loss:3.8009
2024-12-10 15:32:07,149 - INFO - main.py - train - 66 - 【train】 epoch:2 314/360 loss:1.0515
2024-12-10 15:32:07,352 - INFO - main.py - train - 66 - 【train】 epoch:2 315/360 loss:1.7836
2024-12-10 15:32:07,568 - INFO - main.py - train - 66 - 【train】 epoch:2 316/360 loss:3.0235
2024-12-10 15:32:07,774 - INFO - main.py - train - 66 - 【train】 epoch:2 317/360 loss:1.4312
2024-12-10 15:32:07,975 - INFO - main.py - train - 66 - 【train】 epoch:2 318/360 loss:1.5928
2024-12-10 15:32:08,191 - INFO - main.py - train - 66 - 【train】 epoch:2 319/360 loss:1.5741
2024-12-10 15:32:08,393 - INFO - main.py - train - 66 - 【train】 epoch:2 320/360 loss:1.3535
2024-12-10 15:32:08,596 - INFO - main.py - train - 66 - 【train】 epoch:2 321/360 loss:1.1794
2024-12-10 15:32:08,798 - INFO - main.py - train - 66 - 【train】 epoch:2 322/360 loss:1.7089
2024-12-10 15:32:09,007 - INFO - main.py - train - 66 - 【train】 epoch:2 323/360 loss:2.0252
2024-12-10 15:32:09,207 - INFO - main.py - train - 66 - 【train】 epoch:2 324/360 loss:1.9295
2024-12-10 15:32:09,411 - INFO - main.py - train - 66 - 【train】 epoch:2 325/360 loss:1.6142
2024-12-10 15:32:09,620 - INFO - main.py - train - 66 - 【train】 epoch:2 326/360 loss:1.7434
2024-12-10 15:32:09,826 - INFO - main.py - train - 66 - 【train】 epoch:2 327/360 loss:1.3951
2024-12-10 15:32:10,042 - INFO - main.py - train - 66 - 【train】 epoch:2 328/360 loss:0.5118
2024-12-10 15:32:10,244 - INFO - main.py - train - 66 - 【train】 epoch:2 329/360 loss:2.0350
2024-12-10 15:32:10,446 - INFO - main.py - train - 66 - 【train】 epoch:2 330/360 loss:1.2030
2024-12-10 15:32:10,649 - INFO - main.py - train - 66 - 【train】 epoch:2 331/360 loss:1.9417
2024-12-10 15:32:10,854 - INFO - main.py - train - 66 - 【train】 epoch:2 332/360 loss:1.2226
2024-12-10 15:32:11,095 - INFO - main.py - train - 66 - 【train】 epoch:2 333/360 loss:1.1931
2024-12-10 15:32:11,299 - INFO - main.py - train - 66 - 【train】 epoch:2 334/360 loss:1.1681
2024-12-10 15:32:11,503 - INFO - main.py - train - 66 - 【train】 epoch:2 335/360 loss:1.0727
2024-12-10 15:32:11,706 - INFO - main.py - train - 66 - 【train】 epoch:2 336/360 loss:1.5752
2024-12-10 15:32:11,903 - INFO - main.py - train - 66 - 【train】 epoch:2 337/360 loss:1.8795
2024-12-10 15:32:12,111 - INFO - main.py - train - 66 - 【train】 epoch:2 338/360 loss:1.9887
2024-12-10 15:32:12,312 - INFO - main.py - train - 66 - 【train】 epoch:2 339/360 loss:2.3443
2024-12-10 15:32:12,533 - INFO - main.py - train - 66 - 【train】 epoch:2 340/360 loss:1.2532
2024-12-10 15:32:12,733 - INFO - main.py - train - 66 - 【train】 epoch:2 341/360 loss:0.7479
2024-12-10 15:32:12,936 - INFO - main.py - train - 66 - 【train】 epoch:2 342/360 loss:1.3967
2024-12-10 15:32:13,150 - INFO - main.py - train - 66 - 【train】 epoch:2 343/360 loss:2.6867
2024-12-10 15:32:13,353 - INFO - main.py - train - 66 - 【train】 epoch:2 344/360 loss:1.9777
2024-12-10 15:32:13,556 - INFO - main.py - train - 66 - 【train】 epoch:2 345/360 loss:1.8455
2024-12-10 15:32:13,764 - INFO - main.py - train - 66 - 【train】 epoch:2 346/360 loss:1.4413
2024-12-10 15:32:13,979 - INFO - main.py - train - 66 - 【train】 epoch:2 347/360 loss:3.5220
2024-12-10 15:32:14,192 - INFO - main.py - train - 66 - 【train】 epoch:2 348/360 loss:1.3853
2024-12-10 15:32:14,399 - INFO - main.py - train - 66 - 【train】 epoch:2 349/360 loss:0.8070
2024-12-10 15:32:14,610 - INFO - main.py - train - 66 - 【train】 epoch:2 350/360 loss:2.3898
2024-12-10 15:32:14,812 - INFO - main.py - train - 66 - 【train】 epoch:2 351/360 loss:1.9458
2024-12-10 15:32:15,035 - INFO - main.py - train - 66 - 【train】 epoch:2 352/360 loss:0.8559
2024-12-10 15:32:15,238 - INFO - main.py - train - 66 - 【train】 epoch:2 353/360 loss:2.6426
2024-12-10 15:32:15,442 - INFO - main.py - train - 66 - 【train】 epoch:2 354/360 loss:1.5902
2024-12-10 15:32:15,648 - INFO - main.py - train - 66 - 【train】 epoch:2 355/360 loss:3.6322
2024-12-10 15:32:15,857 - INFO - main.py - train - 66 - 【train】 epoch:2 356/360 loss:1.5118
2024-12-10 15:32:16,068 - INFO - main.py - train - 66 - 【train】 epoch:2 357/360 loss:1.8171
2024-12-10 15:32:16,272 - INFO - main.py - train - 66 - 【train】 epoch:2 358/360 loss:1.4354
2024-12-10 15:32:16,436 - INFO - main.py - train - 66 - 【train】 epoch:2 359/360 loss:0.6641
2024-12-10 15:32:23,699 - INFO - main.py - train - 74 - [eval] loss:27.3304 precision=0.9370 recall=0.8913 f1_score=0.9136
2024-12-10 15:32:24,341 - INFO - trainUtils.py - load_model_and_parallel - 96 - Load ckpt from ./checkpoints/bert_idcnn_crf_cner/model.pt
2024-12-10 15:32:24,523 - INFO - trainUtils.py - load_model_and_parallel - 113 - Use single gpu in: ['0']
2024-12-10 15:32:31,901 - INFO - main.py - test - 158 -           precision    recall  f1-score   support

     PRO       0.84      0.89      0.86        35
     ORG       0.93      0.94      0.93       571
    CONT       1.00      1.00      1.00        28
    RACE       1.00      1.00      1.00        14
    NAME       0.99      1.00      1.00       112
     EDU       0.96      0.94      0.95       115
     LOC       1.00      1.00      1.00         6
   TITLE       0.97      0.87      0.91       854

micro-f1       0.95      0.91      0.93      1735

2024-12-10 15:32:31,902 - INFO - main.py - <module> - 284 - 虞兔良先生：1963年12月出生，汉族，中国国籍，无境外永久居留权，浙江绍兴人，中共党员，MBA，经济师。
2024-12-10 15:32:32,096 - INFO - trainUtils.py - load_model_and_parallel - 96 - Load ckpt from ./checkpoints/bert_idcnn_crf_cner/model.pt
2024-12-10 15:32:32,267 - INFO - trainUtils.py - load_model_and_parallel - 113 - Use single gpu in: ['0']
2024-12-10 15:32:32,372 - INFO - main.py - predict - 194 - {'NAME': [('虞兔良', 0)], 'RACE': [('汉族', 17)], 'CONT': [('中国国籍', 20)], 'LOC': [('浙江绍兴人', 34)], 'TITLE': [('中共党员', 40), ('经济师', 49)], 'EDU': [('MBA', 45)]}
